06-28 14:01 INFO: **************************************
06-28 14:01 INFO: log file initialized
06-28 14:01 INFO: **************************************
06-28 14:01 INFO: log file initialized
06-28 14:01 INFO: getting X and Y for training orders from 0 to 131209
06-28 14:01 INFO: estimated time is 91846.30 seconds, or 1530.77 minutes or 25.51 hours
06-28 14:20 INFO: **************************************
06-28 14:20 INFO: log file initialized
06-28 14:20 INFO: getting X and Y for training orders from 0 to 10000
06-28 14:20 INFO: estimated time is 7000.00 seconds, or 116.67 minutes or 1.94 hours
06-28 16:30 INFO: X and Y are ready now.
06-28 16:30 INFO: saving to pickles...
06-28 22:41 INFO: **************************************
06-28 22:41 INFO: log file initialized
06-28 22:42 INFO: getting X and Y for training orders from 0 to 10000
06-28 22:42 INFO: estimated time is 7000.00 seconds, or 116.67 minutes or 1.94 hours
06-29 00:52 INFO: X and Y are ready now.
06-29 00:52 INFO: saving to pickles...
06-29 00:55 INFO: DONE, exiting
06-29 04:27 INFO: **************************************
06-29 04:27 INFO: log file initialized
06-29 04:27 INFO: 			** Training model , script : ML_training_model.py
06-29 04:27 INFO: reading X and Y files
06-29 04:28 INFO: **************************************
06-29 04:28 INFO: log file initialized
06-29 04:28 INFO: 			** Training model , script : ML_training_model.py
06-29 04:28 INFO: reading X and Y files
06-29 04:29 INFO: X and Y dataframes are ready
06-29 04:29 INFO: Initializing and training the model
06-29 05:08 INFO: **************************************
06-29 05:08 INFO: log file initialized
06-29 05:08 INFO: 			** Training model , script : ML_training_model.py
06-29 05:08 INFO: reading X and Y files
06-29 05:09 INFO: X and Y dataframes are ready
06-29 05:09 INFO: Initializing and training the model
06-29 05:39 INFO: model fitted successfully
06-29 05:43 INFO: **************************************
06-29 05:43 INFO: log file initialized
06-29 05:43 INFO: 			** Training model , script : ML_training_model.py
06-29 05:43 INFO: reading X and Y files
06-29 05:44 INFO: X and Y dataframes are ready
06-29 05:44 INFO: Initializing and training the model
06-29 05:44 INFO: fitting model
06-29 05:44 INFO: model fitted successfully
06-29 05:44 INFO: saving to model0.pkl
06-29 05:44 INFO: DONE, exiting
06-29 05:48 INFO: **************************************
06-29 05:48 INFO: log file initialized
06-29 05:48 INFO: 			** Training model , script : ML_training_model.py
06-29 05:48 INFO: reading X and Y files
06-29 05:49 INFO: **************************************
06-29 05:49 INFO: log file initialized
06-29 05:49 INFO: 			** Training model , script : ML_training_model.py
06-29 05:49 INFO: reading X and Y files
06-29 05:49 INFO: X and Y dataframes are ready
06-29 05:49 INFO: Initializing and training the model
06-29 05:49 INFO: fitting model
06-29 06:19 INFO: model fitted successfully
06-29 06:19 INFO: saving to model0.pkl
06-29 06:19 INFO: DONE, exiting
06-29 06:40 INFO: log file initialized
06-29 06:40 INFO: 			 ** predicting test data, script : ML_testing_model.py
06-29 06:40 INFO: reading data files....
06-29 06:41 INFO: data is ready
06-29 06:41 INFO: testing data with size 10
06-29 06:42 INFO: log file initialized
06-29 06:42 INFO: 			 ** predicting test data, script : ML_testing_model.py
06-29 06:42 INFO: reading data files....
06-29 06:42 INFO: data is ready
06-29 06:42 INFO: testing data with size 10
06-29 07:24 INFO: *********************************************
06-29 07:24 INFO: log file initialized
06-29 07:24 INFO: 			 ** predicting test data, script : ML_testing_model.py
06-29 07:24 INFO: reading data files....
06-29 07:24 INFO: data is ready
06-29 07:24 INFO: testing data with size 10
06-29 07:25 INFO: *********************************************
06-29 07:25 INFO: log file initialized
06-29 07:25 INFO: 			 ** predicting test data, script : ML_testing_model.py
06-29 07:25 INFO: reading data files....
06-29 07:25 INFO: data is ready
06-29 07:25 INFO: testing data with size 10
06-29 07:25 INFO: done, saving to a csv file
06-29 07:25 INFO: DONE, exiting
06-29 11:05 INFO: *********************************************
06-29 11:05 INFO: log file initialized
06-29 11:05 INFO: 			 ** predicting test data, script : ML_testing_model.py
06-29 11:05 INFO: reading data files....
06-29 11:06 INFO: data is ready
06-29 11:06 INFO: testing data with size 10
06-29 11:07 INFO: *********************************************
06-29 11:07 INFO: log file initialized
06-29 11:07 INFO: 			 ** predicting test data, script : ML_testing_model.py
06-29 11:07 INFO: reading data files....
06-29 11:08 INFO: data is ready
06-29 11:08 INFO: testing data with size 10
06-29 11:08 INFO: done, saving to a csv file
06-29 11:08 INFO: DONE, exiting
06-29 11:10 INFO: *********************************************
06-29 11:10 INFO: log file initialized
06-29 11:10 INFO: 			 ** predicting test data, script : ML_testing_model.py
06-29 11:10 INFO: reading data files....
06-29 11:10 INFO: data is ready
06-29 11:10 INFO: testing data with size 1000
06-29 11:28 INFO: *********************************************
06-29 11:28 INFO: log file initialized
06-29 11:28 INFO: 			 ** predicting test data, script : ML_testing_model.py
06-29 11:28 INFO: reading data files....
06-29 11:28 INFO: data is ready
06-29 11:29 INFO: *********************************************
06-29 11:29 INFO: log file initialized
06-29 11:29 INFO: 			 ** predicting test data, script : ML_testing_model.py
06-29 11:29 INFO: reading data files....
06-29 11:29 INFO: data is ready
06-29 11:29 INFO: testing data with size 1000
06-29 11:29 INFO: estimated time is 660.00 seconds, or 39600.00 minutes, or 79200.00 hours
06-29 11:32 INFO: *********************************************
06-29 11:32 INFO: log file initialized
06-29 11:32 INFO: 			 ** predicting test data, script : ML_testing_model.py
06-29 11:32 INFO: reading data files....
06-29 11:32 INFO: data is ready
06-29 11:32 INFO: testing data with size 10
06-29 11:32 INFO: estimated time is 6.60 seconds, or 0.11 minutes, or 0.06 hours
06-29 11:32 INFO: it took 4 seconds
06-29 11:32 INFO: done, saving to a csv file
06-29 11:32 INFO: DONE, exiting
06-29 11:33 INFO: *********************************************
06-29 11:33 INFO: log file initialized
06-29 11:33 INFO: 			 ** predicting test data, script : ML_testing_model.py
06-29 11:33 INFO: reading data files....
06-29 11:33 INFO: data is ready
06-29 11:33 INFO: testing data with size 75000
06-29 11:33 INFO: estimated time is 49500.00 seconds, or 825.00 minutes, or 412.50 hours
07-03 12:47 INFO: **************************************
07-03 12:47 INFO: log file initialized
07-03 12:47 INFO: 			** Extraction X and Y , script : extract_X_Y.py
07-03 12:48 INFO: getting X and Y for training orders from 0 to 100
07-03 12:48 INFO: estimated time is 70.00 seconds, or 1.17 minutes or 0.02 hours
07-03 12:49 INFO: X and Y are ready now.
07-03 12:49 INFO: saving to pickles...
07-03 12:49 INFO: DONE, exiting
07-03 12:50 INFO: **************************************
07-03 12:50 INFO: log file initialized
07-03 12:50 INFO: 			** Training model , script : ML_training_model.py
07-03 12:50 INFO: reading X and Y files
07-03 12:56 INFO: **************************************
07-03 12:56 INFO: log file initialized
07-03 12:56 INFO: 			** Extraction X and Y , script : extract_X_Y.py
07-03 12:56 INFO: getting X and Y for training orders from 0 to 100
07-03 12:56 INFO: estimated time is 70.00 seconds, or 1.17 minutes or 0.02 hours
07-03 12:58 INFO: X and Y are ready now.
07-03 12:58 INFO: saving to csv files...
07-03 12:58 INFO: DONE, exiting
07-03 12:58 INFO: **************************************
07-03 12:58 INFO: log file initialized
07-03 12:58 INFO: 			** Training model , script : ML_training_model.py
07-03 12:58 INFO: reading X and Y files
07-03 12:58 INFO: X and Y dataframes are ready
07-03 12:58 INFO: Initializing and training the model
07-03 12:58 INFO: fitting model
07-03 12:58 INFO: model fitted successfully
07-03 12:58 INFO: saving to model2.pkl
07-03 12:58 INFO: DONE, exiting
07-04 15:07 INFO: log file initialized
07-04 15:07 INFO: 			** Training model , script : ML_model_score_.py
07-04 15:07 INFO: reading X and Y files
07-04 15:07 INFO: log file initialized
07-04 15:07 INFO: 			** Training model , script : ML_model_score_.py
07-04 15:07 INFO: reading X and Y files
07-04 15:09 INFO: X and Y dataframes are ready
07-04 15:09 INFO: getting sample data..
07-04 15:09 INFO: predicting..
07-04 15:09 INFO:              precision    recall  f1-score   support

        0.0       0.91      0.99      0.95    115181
        1.0       0.39      0.06      0.11     12605

avg / total       0.85      0.90      0.86    127786

07-04 15:09 INFO: DONE, exiting..
07-07 12:43 INFO: **************************************
07-07 12:43 INFO: log file initialized
07-07 12:43 INFO: 			** Training model , script : ML_training_model.py
07-07 12:43 INFO: reading X and Y files
07-07 12:43 INFO: X and Y dataframes are ready
07-07 12:43 INFO: Initializing and training the model
07-07 12:43 INFO: fitting model
07-07 12:51 INFO: **************************************
07-07 12:51 INFO: log file initialized
07-07 12:51 INFO: 			** Training model , script : ML_training_model.py
07-07 12:51 INFO: reading X and Y files
07-07 12:51 INFO: X and Y dataframes are ready
07-07 12:51 INFO: Initializing and training the model
07-07 12:51 INFO: fitting model
07-07 12:52 INFO: model fitted successfully
07-07 12:52 INFO: saving to model2.pkl
07-07 12:52 INFO: DONE, exiting
07-07 12:55 INFO: **************************************
07-07 12:55 INFO: log file initialized
07-07 12:55 INFO: 			** Training model , script : ML_training_model.py
07-07 12:55 INFO: reading X and Y files
07-07 12:55 INFO: X and Y dataframes are ready
07-07 12:55 INFO: Initializing and training the model
07-07 12:55 INFO: fitting model
07-07 12:56 INFO: model fitted successfully
07-07 12:56 INFO: saving to model2.pkl
07-07 12:56 INFO: DONE, exiting
07-07 12:59 INFO: **************************************
07-07 12:59 INFO: log file initialized
07-07 12:59 INFO: 			** Training model , script : ML_model_score_.py
07-07 12:59 INFO: reading X and Y files
07-07 13:00 INFO: X and Y dataframes are ready
07-07 13:00 INFO: getting sample data..
07-07 13:00 INFO: predicting..
07-07 13:00 INFO:              precision    recall  f1-score   support

        0.0       0.90      1.00      0.95    115181
        1.0       0.42      0.03      0.05     12605

avg / total       0.86      0.90      0.86    127786

07-07 13:00 INFO: DONE, exiting..
07-07 13:10 INFO: **************************************
07-07 13:10 INFO: log file initialized
07-07 13:10 INFO: 			** Training model , script : ML_training_model.py
07-07 13:10 INFO: reading X and Y files
07-07 13:10 INFO: X and Y dataframes are ready
07-07 13:10 INFO: Initializing and training the model
07-07 13:10 INFO: fitting model
07-07 13:10 INFO: model fitted successfully
07-07 13:11 INFO: **************************************
07-07 13:11 INFO: log file initialized
07-07 13:11 INFO: 			** Training model , script : ML_training_model.py
07-07 13:11 INFO: reading X and Y files
07-07 13:11 INFO: X and Y dataframes are ready
07-07 13:11 INFO: Initializing and training the model
07-07 13:11 INFO: fitting model
07-07 13:11 INFO: model fitted successfully
07-07 13:11 INFO: saving to model3.pkl
07-07 13:11 INFO: DONE, exiting
07-07 13:13 INFO: **************************************
07-07 13:13 INFO: log file initialized
07-07 13:13 INFO: 			** Training model , script : ML_model_score_.py
07-07 13:13 INFO: reading X and Y files
07-07 13:14 INFO: X and Y dataframes are ready
07-07 13:14 INFO: getting sample data..
07-07 13:14 INFO: predicting..
07-07 13:14 INFO:              precision    recall  f1-score   support

        0.0       1.00      1.00      1.00         1

avg / total       1.00      1.00      1.00         1

07-07 13:14 INFO: DONE, exiting..
07-07 13:15 INFO: **************************************
07-07 13:15 INFO: log file initialized
07-07 13:15 INFO: 			** Training model , script : ML_model_score_.py
07-07 13:15 INFO: reading X and Y files
07-07 13:16 INFO: X and Y dataframes are ready
07-07 13:16 INFO: getting sample data..
07-07 13:16 INFO: predicting..
07-07 13:18 INFO:              precision    recall  f1-score   support

        0.0       0.90      1.00      0.95    576209
        1.0       0.42      0.03      0.06     62720

avg / total       0.86      0.90      0.86    638929

07-07 13:18 INFO: DONE, exiting..
